<?xml version="1.0" encoding="UTF-8"?>
<!-- Generated by org.testng.reporters.JUnitReportReporter -->
<testsuite hostname="DESKTOP-CRROM10" failures="0" tests="17" name="com.automation.runners.TestRunner" time="117.988" errors="0" timestamp="2022-06-16T20:23:19 EET" skipped="0">
  <testcase classname="com.automation.runners.TestRunner" name="runScenario" time="6.029"/>
  <system-out/>
  <testcase classname="com.automation.runners.TestRunner" name="runScenario" time="5.116"/>
  <system-out/>
  <testcase classname="com.automation.runners.TestRunner" name="runScenario" time="4.882"/>
  <system-out/>
  <testcase classname="com.automation.runners.TestRunner" name="runScenario" time="6.800"/>
  <system-out/>
  <testcase classname="com.automation.runners.TestRunner" name="runScenario" time="5.132"/>
  <system-out/>
  <testcase classname="com.automation.runners.TestRunner" name="runScenario" time="11.525"/>
  <system-out/>
  <testcase classname="com.automation.runners.TestRunner" name="runScenario" time="6.933"/>
  <system-out/>
  <testcase classname="com.automation.runners.TestRunner" name="runScenario" time="6.324"/>
  <system-out/>
  <testcase classname="com.automation.runners.TestRunner" name="runScenario" time="6.171"/>
  <system-out/>
  <testcase classname="com.automation.runners.TestRunner" name="runScenario" time="6.069"/>
  <system-out/>
  <testcase classname="com.automation.runners.TestRunner" name="runScenario" time="8.127"/>
  <system-out/>
  <testcase classname="com.automation.runners.TestRunner" name="runScenario" time="6.058"/>
  <system-out/>
  <testcase classname="com.automation.runners.TestRunner" name="runScenario" time="7.871"/>
  <system-out/>
  <testcase classname="com.automation.runners.TestRunner" name="runScenario" time="7.622"/>
  <system-out/>
  <testcase classname="com.automation.runners.TestRunner" name="runScenario" time="6.865"/>
  <system-out/>
  <testcase classname="com.automation.runners.TestRunner" name="runScenario" time="11.613"/>
  <system-out/>
  <testcase classname="com.automation.runners.TestRunner" name="runScenario" time="4.851"/>
  <system-out/>
</testsuite> <!-- com.automation.runners.TestRunner -->
